amw1alert1.stage.aws.i.spireon.com
amw1alert1.stage.i.spireon.com
amw1alert2.stage.aws.i.spireon.com
amw1backend5.stage.i.spireon.com
amw1backend6.stage.i.spireon.com
amw1backend7.stage.i.spireon.com
amw1backend8.stage.i.spireon.com
amw1backend9.stage.i.spireon.com
amw1db01.stage.i.spireon.com
amw1db02.stage.i.spireon.com
amw1enterprise1.stage.i.spireon.com
amw1fleetreseller1.stage.spireon.com
amw1fleetreseller2.stage.spireon.com
amw1identity1.stage.i.spireon.com
amw1localfleet5.stage.spireon.com
amw1localfleet9.stage.spireon.com
amw1maintenance1.stage.i.spireon.com
amw1msa1.stage.spireon.com
amw1msa11.stage.i.spireon.com
amw1msa12.stage.i.spireon.com
amw1o2c1.stage.spireon.com
amw1o2c2.stage.spireon.com
amw1ordertocash1.stage.aws.i.spireon.com
amw1pltapi1.stage.spireon.com
amw1pltreport1.stage.spireon.com
amw1pltreport2.stage.spireon.com
amw1queue4.spireon.com
amw1queue4.stage.spireon.com
amw1queue5.spireon.com
amw1queue5.stage.spireon.com
amw1queue6.spireon.com
amw1queue6.stage.spireon.com
amw1queue7.spireon.com
amw1queue7.stage.spireon.com
amw1queue8.spireon.com
amw1queue8.stage.spireon.com
amw1queue9.spireon.com
amw1queue9.stage.spireon.com
amw1reporting1.stage.aws.i.spireon.com
amw1reporting2.stage.aws.i.spireon.com
amw1stikit1.stage.spireon.com
amw1stikit2.stage.spireon.com
amw1telemrecv01.stage.i.spireon.com
amw1telemrecv1.stage.aws.i.spireon.com
amw1telemrecv2.stage.aws.i.spireon.com
amw1telemrecv3.stage.aws.i.spireon.com
amw1tempbe1.stage.i.spireon.com
amw1tempbe2.stage.i.spireon.com
amw1tempbe3.stage.i.spireon.com
amw1tempbe4.stage.i.spireon.com
amw1tempbe5.stage.i.spireon.com
amw1tempbe6.stage.i.spireon.com
amw1tempbe7.stage.i.spireon.com
amw1tempedge1.stage.i.spireon.com
amw1tempedge2.stage.i.spireon.com
amw1tempq1.stage.i.spireon.com
amw1tempq2.stage.i.spireon.com
amw1v2admin1.stage.spireon.com
amw1v2admin2.stage.spireon.com
amw1v2admin3.stage.i.spireon.com
amw1v2api1.stage.spireon.com
amw1v2app1.stage.spireon.com
amw1v2atimobile1.stage.spireon.com
amw1v2backend1.stage.spireon.com
amw1v2backend10.stage.i.spireon.com
amw1v2backend11.stage.i.spireon.com
amw1v2backend2.stage.spireon.com
amw1v2backend3.stage.spireon.com
amw1v2backend4.stage.i.spireon.com
amw1v2dp1.stage.spireon.com
amw1v2dp2.stage.spireon.com
amw1v2edge1.stage.spireon.com
amw1v2edge2.stage.spireon.com
amw1v2edge3.stage.spireon.com
amw1v2edge4.stage.spireon.com
amw1v2gsapp1.stage.spireon.com
amw1v2gsmobileapp1.stage.i.spireon.com
amw1v2gsmobileapp1.stage.spireon.com
amw1v2gsmodern.stage.spireon.com
amw1v2gsmodern2.stage.i.spireon.com
amw1v2gsmodern3.stage.i.spireon.com
amw1v2jobs1.stage.spireon.com
amw1v2jobs2.stage.spireon.com
amw1v2kannel1.stage.spireon.com
amw1v2kannel2.stage.spireon.com
amw1v2kannel3.stage.spireon.com
amw1v2lendermodern.stage.spireon.com
amw1v2lendermodern2.stage.i.spireon.com
amw1v2localfleet1.stage.spireon.com
amw1v2mobileinstall1.stage.spireon.com
amw1v2vpmobile1.stage.spireon.com
amw1v3gsapp1.stage.aws.i.spireon.com
adm1-admdev.admdev.spireon.com
adm1-atsdev.atsdev.spireon.com
adm1-ubiqa.ubiqa.spireon.com
adm1.admdev.spireon.com
adm1.admqa.spireon.com
adm1.atsdev.spireon.com
adm1.atsqa.spireon.com
adm1.faidev.spireon.com
adm1.faiqa.spireon.com
adm1.lmdev.spireon.com
adm1.lmqa.spireon.com
adm1.ubidev.spireon.com
adm1.ubiqa.spireon.com
app1-atsdev.atsdev.spireon.com
app1-lmdev.lmdev.spireon.com
app1.atsdev.spireon.com
app1.atsqa.spireon.com
app1.faidev.spireon.com
app1.faiqa.spireon.com
app1.lmdev.spireon.com
app1.lmqa.spireon.com
app1.ubidev.spireon.com
app2-atsdev.atsdev.spireon.com
app2.atsdev.spireon.com
app2.faidev.spireon.com
app2.faiqa.spireon.com
app3-atsdev.atsdev.spireon.com
app3.atsdev.spireon.com
app3.faidev.spireon.com
app3.faiqa.spireon.com
app4-atsdev.atsdev.spireon.com
app4.atsdev.spireon.com
app4.faidev.spireon.com
app4.faiqa.spireon.com
appserver1.dev.spireon.com
appserver2.dev.spireon.com
data1-ppldev.ppldev.spireon.com
data1-pplqa.pplqa.spireon.com
data1-ubiqa.ubiqa.spireon.com
data1.admdev.spireon.com
data1.admqa.spireon.com
data1.atsdev.spireon.com
data1.atsqa.spireon.com
data1.faidev.spireon.com
data1.faiqa.spireon.com
data1.lmdev.spireon.com
data1.lmqa.spireon.com
data1.pltapidev.spireon.com
data1.pltdev.spireon.com
data1.pltqa.spireon.com
data1.pplqa.spireon.com
data1.ubidev.spireon.com
data1.ubiqa.spireon.com
inf1-admdev.admdev.spireon.com
inf1-admqa.admqa.spireon.com
inf1-atsdev.atsdev.spireon.com
inf1-atsqa.atsqa.spireon.com
inf1-faidev.faidev.spireon.com
inf1-faiqa.faiqa.spireon.com
inf1-lmdev.lmdev.spireon.com
inf1-pltdev.pltdev.spireon.com
inf1-pltqa.pltqa.spireon.com
inf1-ppldev.ppldev.spireon.com
inf1-pplqa.pplqa.spireon.com
inf1-ubiqa.ubiqa.spireon.com
inf1.admdev.spireon.com
inf1.admqa.spireon.com
inf1.atsdev.spireon.com
inf1.atsqa.spireon.com
inf1.faidev.spireon.com
inf1.faiqa.spireon.com
inf1.lmdev.spireon.com
inf1.lmdev.spireon.com.lmdev.spireon.com
inf1.lmqa.spireon.com
inf1.pltapidev.spireon.com
inf1.pltdev.spireon.com
inf1.pltqa.spireon.com
inf1.pplqa.spireon.com
inf1.ubidev.spireon.com
inf1.ubiqa.spireon.com
msa1.pltapidev.spireon.com
mysqlserver.dev.spireon.com
plt1-atsdev.atsdev.spireon.com
plt1-lmdev.lmdev.spireon.com
plt1-pltdev.pltdev.spireon.com
plt1-ubiqa.ubiqa.spireon.com
plt1.admdev.spireon.com
plt1.admqa.spireon.com
plt1.atsdev.spireon.com
plt1.atsqa.spireon.com
plt1.faidev.spireon.com
plt1.faiqa.spireon.com
plt1.lmdev.spireon.com
plt1.lmqa.spireon.com
plt1.pltapidev.spireon.com
plt1.pltdev.spireon.com
plt1.pltqa.spireon.com
plt1.ubidev.spireon.com
plt1.ubiqa.spireon.com
snajenkinsmaster1.i.spireon.com
snatestrail.spireon.com
